[debug] [2022-05-07T16:03:35.868Z] ----------------------------------------------------------------------
[debug] [2022-05-07T16:03:35.870Z] Command:       /usr/local/bin/firebase /Users/custom/.cache/firebase/tools/lib/node_modules/firebase-tools/lib/bin/firebase init
[debug] [2022-05-07T16:03:35.870Z] CLI Version:   10.8.0
[debug] [2022-05-07T16:03:35.870Z] Platform:      darwin
[debug] [2022-05-07T16:03:35.870Z] Node Version:  v12.18.1
[debug] [2022-05-07T16:03:35.873Z] Time:          Sat May 07 2022 23:03:35 GMT+0700 (Indochina Time)
[debug] [2022-05-07T16:03:35.873Z] ----------------------------------------------------------------------
[debug] 
[debug] [2022-05-07T16:03:35.881Z] > command requires scopes: ["email","openid","https://www.googleapis.com/auth/cloudplatformprojects.readonly","https://www.googleapis.com/auth/firebase","https://www.googleapis.com/auth/cloud-platform"]
[debug] [2022-05-07T16:03:35.881Z] > authorizing via signed-in user (t.nattawut.k@gmail.com)
[info] 
     ######## #### ########  ######## ########     ###     ######  ########
     ##        ##  ##     ## ##       ##     ##  ##   ##  ##       ##
     ######    ##  ########  ######   ########  #########  ######  ######
     ##        ##  ##    ##  ##       ##     ## ##     ##       ## ##
     ##       #### ##     ## ######## ########  ##     ##  ######  ########

You're about to initialize a Firebase project in this directory:

  /Users/custom/Documents/Development/nft-marketplace-frontend

[info] 
=== Account Setup
[info] 
[info] Which account do you want to use for this project? Choose an account or add a new one now
[info] 
[debug] [2022-05-07T16:03:40.836Z] setProjectAccount(/Users/custom/Documents/Development/nft-marketplace-frontend, t.nattawut.k@gmail.com)
[info] 
[info] ✔  Using account: t.nattawut.k@gmail.com 
[info] 
=== Project Setup
[info] 
[info] First, let's associate this project directory with a Firebase project.
[info] You can create multiple project aliases by running firebase use --add, 
[info] but for now we'll just set up a default project.
[info] 
[debug] [2022-05-07T16:03:41.753Z] >>> [apiv2][query] GET https://firebase.googleapis.com/v1beta1/projects pageSize=100
[debug] [2022-05-07T16:03:42.450Z] <<< [apiv2][status] GET https://firebase.googleapis.com/v1beta1/projects 200
[debug] [2022-05-07T16:03:42.451Z] <<< [apiv2][body] GET https://firebase.googleapis.com/v1beta1/projects [omitted]
[info] i  Using project nft-marketplace-frontend (nft-marketplace-frontend) 
[info] 
=== Hosting Setup
[info] 
[info] Your public directory is the folder (relative to your project directory) that
[info] will contain Hosting assets to be uploaded with firebase deploy. If you
[info] have a build process for your assets, use your build's output directory.
[info] 
[debug] [2022-05-07T16:03:53.399Z] >>> [apiv2][query] GET https://www.gstatic.com/firebasejs/releases.json [none]
[debug] [2022-05-07T16:03:53.507Z] <<< [apiv2][status] GET https://www.gstatic.com/firebasejs/releases.json 200
[debug] [2022-05-07T16:03:53.507Z] <<< [apiv2][body] GET https://www.gstatic.com/firebasejs/releases.json {"current":{"version":"9.8.0","browserURL":"https://www.gstatic.com/firebasejs/9.8.0/firebase.js","packageURL":"https://www.gstatic.com/firebasejs/9.8.0/firebase.tgz"},"live":{"version":"9.8","browserURL":"https://www.gstatic.com/firebasejs/live/9.8/firebase.js","packageURL":"https://www.gstatic.com/firebasejs/live/9.8/firebase.tgz"},"components":{"analytics":"https://www.gstatic.com/firebasejs/9.8.0/firebase-analytics.js","app":"https://www.gstatic.com/firebasejs/9.8.0/firebase-app.js","app-check":"https://www.gstatic.com/firebasejs/9.8.0/firebase-app-check.js","auth":"https://www.gstatic.com/firebasejs/9.8.0/firebase-auth.js","auth/cordova":"https://www.gstatic.com/firebasejs/9.8.0/firebase-auth/cordova.js","auth/react-native":"https://www.gstatic.com/firebasejs/9.8.0/firebase-auth/react-native.js","functions":"https://www.gstatic.com/firebasejs/9.8.0/firebase-functions.js","firestore":"https://www.gstatic.com/firebasejs/9.8.0/firebase-firestore.js","firestore/lite":"https://www.gstatic.com/firebasejs/9.8.0/firebase-firestore/lite.js","storage":"https://www.gstatic.com/firebasejs/9.8.0/firebase-storage.js","performance":"https://www.gstatic.com/firebasejs/9.8.0/firebase-performance.js","remote-config":"https://www.gstatic.com/firebasejs/9.8.0/firebase-remote-config.js","messaging":"https://www.gstatic.com/firebasejs/9.8.0/firebase-messaging.js","messaging/sw":"https://www.gstatic.com/firebasejs/9.8.0/firebase-messaging/sw.js","database":"https://www.gstatic.com/firebasejs/9.8.0/firebase-database.js","firestore.memory":"https://www.gstatic.com/firebasejs/9.8.0/firebase-firestore.memory.js"}}
[info] i  Skipping write of build/index.html 
[info] 
[info] i  Detected a .git folder at /Users/custom/Documents/Development/nft-marketplace-frontend 
[info] i  Authorizing with GitHub to upload your service account to a GitHub repository's secrets store. 
[info] 
[info] Visit this URL on this device to log in:
[info] https://github.com/login/oauth/authorize?client_id=89cf50f02ac6aaed3484&state=57320782&redirect_uri=http%3A%2F%2Flocalhost%3A9005&scope=read%3Auser%20repo%20public_repo
[info] 
[info] Waiting for authentication...
[debug] [2022-05-07T16:03:58.599Z] >>> HTTP REQUEST POST https://github.com/login/oauth/access_token  
 {"client_id":"89cf50f02ac6aaed3484","client_secret":"3330d14abc895d9a74d5f17cd7a00711fa2c5bf0","code":"6b2e03216f36b88b6234","redirect_uri":"http://localhost:9005","state":"57320782"}
[debug] [2022-05-07T16:03:59.232Z] <<< HTTP RESPONSE 200 {"server":"GitHub.com","date":"Sat, 07 May 2022 16:03:59 GMT","content-type":"application/json; charset=utf-8","transfer-encoding":"chunked","vary":"X-PJAX, X-PJAX-Container, Accept-Encoding, Accept, X-Requested-With","permissions-policy":"interest-cohort=()","etag":"W/\"0bc16f3f3cd35cfec033e3c7d8ed713a\"","cache-control":"max-age=0, private, must-revalidate","strict-transport-security":"max-age=31536000; includeSubdomains; preload","x-frame-options":"deny","x-content-type-options":"nosniff","x-xss-protection":"0","referrer-policy":"origin-when-cross-origin, strict-origin-when-cross-origin","expect-ct":"max-age=2592000, report-uri=\"https://api.github.com/_private/browser/errors\"","content-security-policy":"default-src 'none'; base-uri 'self'; block-all-mixed-content; child-src github.com/assets-cdn/worker/ gist.github.com/assets-cdn/worker/; connect-src 'self' uploads.github.com objects-origin.githubusercontent.com www.githubstatus.com collector.github.com raw.githubusercontent.com api.github.com github-cloud.s3.amazonaws.com github-production-repository-file-5c1aeb.s3.amazonaws.com github-production-upload-manifest-file-7fdce7.s3.amazonaws.com github-production-user-asset-6210df.s3.amazonaws.com cdn.optimizely.com logx.optimizely.com/v1/events translator.github.com *.actions.githubusercontent.com wss://*.actions.githubusercontent.com online.visualstudio.com/api/v1/locations github-production-repository-image-32fea6.s3.amazonaws.com github-production-release-asset-2e65be.s3.amazonaws.com insights.github.com wss://alive.github.com; font-src github.githubassets.com; form-action 'self' github.com gist.github.com objects-origin.githubusercontent.com; frame-ancestors 'none'; frame-src render.githubusercontent.com viewscreen.githubusercontent.com notebooks.githubusercontent.com; img-src 'self' data: github.githubassets.com identicons.github.com github-cloud.s3.amazonaws.com secured-user-images.githubusercontent.com/ *.githubusercontent.com; manifest-src 'self'; media-src github.com user-images.githubusercontent.com/; script-src github.githubassets.com; style-src 'unsafe-inline' github.githubassets.com; worker-src github.com/assets-cdn/worker/ gist.github.com/assets-cdn/worker/","x-github-request-id":"C5E2:4AF3:18648B:1D8B56:6276986E"}
[debug] [2022-05-07T16:03:59.242Z] >>> [apiv2][query] GET https://api.github.com/user [none]
[debug] [2022-05-07T16:03:59.690Z] <<< [apiv2][status] GET https://api.github.com/user 200
[debug] [2022-05-07T16:03:59.691Z] <<< [apiv2][body] GET https://api.github.com/user {"login":"TNKKung","id":58143743,"node_id":"MDQ6VXNlcjU4MTQzNzQz","avatar_url":"https://avatars.githubusercontent.com/u/58143743?v=4","gravatar_id":"","url":"https://api.github.com/users/TNKKung","html_url":"https://github.com/TNKKung","followers_url":"https://api.github.com/users/TNKKung/followers","following_url":"https://api.github.com/users/TNKKung/following{/other_user}","gists_url":"https://api.github.com/users/TNKKung/gists{/gist_id}","starred_url":"https://api.github.com/users/TNKKung/starred{/owner}{/repo}","subscriptions_url":"https://api.github.com/users/TNKKung/subscriptions","organizations_url":"https://api.github.com/users/TNKKung/orgs","repos_url":"https://api.github.com/users/TNKKung/repos","events_url":"https://api.github.com/users/TNKKung/events{/privacy}","received_events_url":"https://api.github.com/users/TNKKung/received_events","type":"User","site_admin":false,"name":"TNattawutK","company":"King Mongkut's Institute of Technology Ladkrabang","blog":"","location":"Bangkok,Thailand","email":null,"hireable":null,"bio":"Computer Engineer","twitter_username":null,"public_repos":19,"public_gists":0,"followers":36,"following":32,"created_at":"2019-11-24T16:10:35Z","updated_at":"2022-04-28T18:22:53Z","private_gists":0,"total_private_repos":6,"owned_private_repos":6,"disk_usage":265018,"collaborators":0,"two_factor_authentication":false,"plan":{"name":"pro","space":976562499,"collaborators":0,"private_repos":9999}}
[info] 
[info] ✔  Success! Logged into GitHub as TNKKung 
[info] 
